00               
80 01 C0 03 E0 01
C0 01 C0 01 C0 01
C0 01 C0 01 C0 01
C0 01            
40               
00               
00 00 78 00 38 00
78 00 E8 01 C0 03
80 07 00 0E 00 04
00               
00               
00 00 00 00 00 00
20 0F F0 07 F8 0F
F0 00            
20               
00               
00 00 00 00 00 02
00 07 F8 0F F0 07
F8 02 00 00 00 00
00               
00               
00 04 00 0E 00 07
00 03 80 01 C0 00
E8 00 78 00 38 00
78               
00               
00 00 10 00 38 00
70 00 E0 01 C0 0B
80 0F 00 0E 00 0F
00               
00               
00 0F 00 0E 00 0F
00 0B 80 01 C0 00
E0 00 70 00 38 00
10 00 00         
01               
40 01 C0 01 C0 01
C0 01 C0 01 C0 01
C0 01 C0 03 E0 01
C0 00 80         
