3C               
66 66 66 66 66 3C
18 78 18 18 18 18
7E 3C 66 06 0C 18
30 7E 3C 66 0C 18
0C 66 3C 66 66 66
7E 06 06 06 7E 60
60 3C 06 06      
7C 3C 60 60 7C 66
66 3C 7E
06 0C 18         
30 30 30 3C 66 66
3C 66 66 3C 3C 66
66 3E
06 06 3C 18      
3C 66 66 7E 66 66
7C 66 66 7C 66 66
7C 3C 66 60 60 60
66 3C 7C 66 66 66
66 66 7C 7C 66 60
7C 60
66 7C 7E 60 60 7C
60 60 60 3C 60 60
6E 66 66 3C 66 66
66 7E 66 66 66 7E
18 18 18 18 18 7E
06 06 06 06 06   
66 3C            
66 66 6C 78 6C 66
66 60 60
60 60 60         
60 7E 66 7E 66 66
66 66 66 66 66 76
6E 66 66 66 3C 66
66 66 66 66 3C 7C
66 66 7C 60 60 60
3C 66
66 66 66 6E 3E 7C
66 66 7C 6C 66 66
3C 66 60 3C
06 66 3C 7E 18 18
18 18 18 18      
66 66 66 66 66 66
3C 66 66 66 66 66
3C
18 66 66 66      
66               
66 7E 66 66 66 3C
18 3C 66 66 66 66
66 3C 18 18 18 7E
06               
0C               
18               
30 60 7E 18 18 18
18 18 00 18 00 00
00 00 00 00 00 42
99 A5 A1 A5 99 42
88 D8 AA AB 8A 8A
8A 0F 08 C8 0F 0A
09 28 00 80 BC 2A
2A 2A AA 00 00 00
00 00            
0C 0C            
