10 10 38 6C C6 82
00 02 FC 8C 04 04
04 0C 60 30 18 0E
18 30 60 0C 04 04
04 8C FC 02 00 82
C6 6C 38 10 10 60
40 40 40 62 7E 80
0C 18 30 E0 30 18
0C 80 7E 62 40 40
40 60 10 92 92 FE
82 82 00 20 44 E8
30 1A 0C 08 7C 10
10 1E 10 10 7C 08
0C 1A 30 E8 44 20
00 82 82 FE 92 92
10 20 60 B0 18 2E
44 08 7C 10 10 F0
10 10 7C 08 44 2E
18 B0 60 20 10 10
38 38 7C 6C 44 02
1C 7C FC 18 18 10
00 E0 78 3E 78 E0
00 10 18 18 FC 7C
1C 02 44 6C 7C 38
38 10 10 10 30 30
7E 7C 70 80 00 0E
3C F8 3C 0E 00 80
70 7C 7E 30 30 10
10 38 6C 44 44 44
44 1E 32 62 C6 0C
18 10 00 F8 0C 06
0C F8 00 10 18 0C
C6 62 32 1E 44 44
44 44 6C 38 10 10
30 60 C6 8C 98 F0
00 3E 60 C0 60 3E
00 F0 98 8C C6 60
30 10 10 10 38 7C
7C 7C 7C 06 3E 7C
FC 7C 38 10 00 F0
F8 FE F8 F0 00 10
38 7C FC 7C 3E 06
7C 7C 7C 7C 38 10
10 10 38 7C 7E 7C
F8 C0 00 1E 3E FE
3E 1E 00 C0 F8 7C
7E 7C 38 10 10 38
7C 7C 7C 7C 38 1E
3E 7E FE FC 78 30
00 78 FC FE FC 78
00 30 78 FC FE 7E
3E 1E 38 7C 7C 7C
7C 38 10 18 3C 7E
FE FC F8 F0 00 3C
7E FE 7E 3C 00 F0
F8 FC FE 7E 3C 18

